<?xml version="1.0" encoding="UTF-8"?>
<!-- Generated by org.testng.reporters.JUnitReportReporter -->
<testsuite hostname="DESKTOP-MNBM418" failures="0" tests="1" name="selenium.practice1" time="0.015" errors="0" timestamp="2022-07-19T16:30:24 IST" skipped="0">
  <testcase classname="selenium.practice1" name="practiceTest" time="0.015"/>
  <system-out>
    <![CDATA[hi]]>
  </system-out>
</testsuite> <!-- selenium.practice1 -->
