<?xml version="1.0" encoding="UTF-8"?>
<!-- Generated by org.testng.reporters.JUnitReportReporter -->
<testsuite hostname="DESKTOP-MNBM418" failures="0" tests="1" name="MAVENPROJECT.MavenClassTest" time="0.012" errors="0" timestamp="2022-07-20T17:46:52 IST" skipped="0">
  <testcase classname="MAVENPROJECT.MavenClassTest" name="display" time="0.012"/>
  <system-out>
    <![CDATA[Hi]]>
  </system-out>
</testsuite> <!-- MAVENPROJECT.MavenClassTest -->
