<?xml version="1.0" encoding="UTF-8"?>
<!-- Generated by org.testng.reporters.JUnitReportReporter -->
<testsuite hostname="DESKTOP-MNBM418" failures="0" tests="3" name="MAVENPROJECT.MavenpracticeTest" time="0.026" errors="0" timestamp="2022-07-20T10:30:38 IST" skipped="0">
  <testcase classname="MAVENPROJECT.MavenpracticeTest" name="simpleTest1" time="0.003"/>
  <system-out>
    <![CDATA[first test case is pass]]>
  </system-out>
  <testcase classname="MAVENPROJECT.MavenpracticeTest" name="simpleTest2" time="0.006"/>
  <system-out>
    <![CDATA[second test case is pass]]>
  </system-out>
  <testcase classname="MAVENPROJECT.MavenpracticeTest" name="simpleTest" time="0.017"/>
  <system-out>
    <![CDATA[Test case pass]]>
  </system-out>
</testsuite> <!-- MAVENPROJECT.MavenpracticeTest -->
