<?xml version="1.0" encoding="UTF-8"?>
<!-- Generated by org.testng.reporters.JUnitReportReporter -->
<testsuite hostname="DESKTOP-MNBM418" failures="0" tests="3" name="MAVENPROJECT.MavenTest" time="0.019" errors="0" timestamp="2022-07-20T10:31:08 IST" skipped="0">
  <testcase classname="MAVENPROJECT.MavenTest" name="show2" time="0.004"/>
  <system-out>
    <![CDATA[Good evening]]>
  </system-out>
  <testcase classname="MAVENPROJECT.MavenTest" name="show" time="0.013"/>
  <system-out>
    <![CDATA[Good morning]]>
  </system-out>
  <testcase classname="MAVENPROJECT.MavenTest" name="show1" time="0.002"/>
  <system-out>
    <![CDATA[Good afternoon]]>
  </system-out>
</testsuite> <!-- MAVENPROJECT.MavenTest -->
